<?xml version="1.0" encoding="utf-8"?>
<!DOCTYPE coverage SYSTEM "http://cobertura.sourceforge.net/xml/coverage-04.dtd">
<coverage line-rate="0.5359116022099447" branch-rate="0.5480769230769231" lines-covered="97" lines-valid="181" branches-covered="57" branches-valid="104" complexity="146" version="0" timestamp="1776128164">
  <sources>
    <source>C:\Users\skt1f\Documents\Cato\2026\2026-I\CALIDAD\BookStoreManagement_CALIDAD\MicroServiceSales\MicroServiceSales.Domain\</source>
  </sources>
  <packages>
    <package name="MicroServiceSales.Domain" line-rate="0.5359116022099447" branch-rate="0.5480769230769231" complexity="146">
      <classes>
        <class name="MicroServiceSales.Domain.Models.Sale" filename="C:\Users\skt1f\Documents\Cato\2026\2026-I\CALIDAD\BookStoreManagement_CALIDAD\MicroServiceSales\MicroServiceSales.Domain\Models\Sale.cs" line-rate="0.6666666666666666" branch-rate="1" complexity="15">
          <methods>
            <method name="get_Id" signature="()" line-rate="0" branch-rate="1" complexity="1">
              <lines>
                <line number="10" hits="0" branch="false" />
              </lines>
            </method>
            <method name="get_ClientId" signature="()" line-rate="1" branch-rate="1" complexity="1">
              <lines>
                <line number="14" hits="108" branch="false" />
              </lines>
            </method>
            <method name="get_ClientName" signature="()" line-rate="0" branch-rate="1" complexity="1">
              <lines>
                <line number="17" hits="0" branch="false" />
              </lines>
            </method>
            <method name="get_ClientCi" signature="()" line-rate="0" branch-rate="1" complexity="1">
              <lines>
                <line number="20" hits="0" branch="false" />
              </lines>
            </method>
            <method name="get_UserId" signature="()" line-rate="1" branch-rate="1" complexity="1">
              <lines>
                <line number="24" hits="105" branch="false" />
              </lines>
            </method>
            <method name="get_UserName" signature="()" line-rate="0" branch-rate="1" complexity="1">
              <lines>
                <line number="27" hits="0" branch="false" />
              </lines>
            </method>
            <method name="get_SaleDate" signature="()" line-rate="1" branch-rate="1" complexity="1">
              <lines>
                <line number="31" hits="159" branch="false" />
              </lines>
            </method>
            <method name="get_Subtotal" signature="()" line-rate="1" branch-rate="1" complexity="1">
              <lines>
                <line number="36" hits="171" branch="false" />
              </lines>
            </method>
            <method name="get_Total" signature="()" line-rate="1" branch-rate="1" complexity="1">
              <lines>
                <line number="41" hits="174" branch="false" />
              </lines>
            </method>
            <method name="get_Status" signature="()" line-rate="1" branch-rate="1" complexity="1">
              <lines>
                <line number="47" hits="177" branch="false" />
              </lines>
            </method>
            <method name="get_CancellationReason" signature="()" line-rate="0" branch-rate="1" complexity="1">
              <lines>
                <line number="51" hits="0" branch="false" />
              </lines>
            </method>
            <method name="get_CancelledAt" signature="()" line-rate="1" branch-rate="1" complexity="1">
              <lines>
                <line number="54" hits="57" branch="false" />
              </lines>
            </method>
            <method name="get_CancelledBy" signature="()" line-rate="1" branch-rate="1" complexity="1">
              <lines>
                <line number="57" hits="57" branch="false" />
              </lines>
            </method>
            <method name="get_CreatedAt" signature="()" line-rate="1" branch-rate="1" complexity="1">
              <lines>
                <line number="60" hits="159" branch="false" />
              </lines>
            </method>
            <method name="get_Details" signature="()" line-rate="1" branch-rate="1" complexity="1">
              <lines>
                <line number="63" hits="99" branch="false" />
              </lines>
            </method>
          </methods>
          <lines>
            <line number="10" hits="0" branch="false" />
            <line number="14" hits="108" branch="false" />
            <line number="17" hits="0" branch="false" />
            <line number="20" hits="0" branch="false" />
            <line number="24" hits="105" branch="false" />
            <line number="27" hits="0" branch="false" />
            <line number="31" hits="159" branch="false" />
            <line number="36" hits="171" branch="false" />
            <line number="41" hits="174" branch="false" />
            <line number="47" hits="177" branch="false" />
            <line number="51" hits="0" branch="false" />
            <line number="54" hits="57" branch="false" />
            <line number="57" hits="57" branch="false" />
            <line number="60" hits="159" branch="false" />
            <line number="63" hits="99" branch="false" />
          </lines>
        </class>
        <class name="MicroServiceSales.Domain.Models.SaleDetail" filename="C:\Users\skt1f\Documents\Cato\2026\2026-I\CALIDAD\BookStoreManagement_CALIDAD\MicroServiceSales\MicroServiceSales.Domain\Models\SaleDetail.cs" line-rate="0.7142857142857143" branch-rate="1" complexity="7">
          <methods>
            <method name="get_Id" signature="()" line-rate="0" branch-rate="1" complexity="1">
              <lines>
                <line number="9" hits="0" branch="false" />
              </lines>
            </method>
            <method name="get_SaleId" signature="()" line-rate="1" branch-rate="1" complexity="1">
              <lines>
                <line number="13" hits="69" branch="false" />
              </lines>
            </method>
            <method name="get_ProductId" signature="()" line-rate="1" branch-rate="1" complexity="1">
              <lines>
                <line number="17" hits="81" branch="false" />
              </lines>
            </method>
            <method name="get_ProductName" signature="()" line-rate="0" branch-rate="1" complexity="1">
              <lines>
                <line number="20" hits="0" branch="false" />
              </lines>
            </method>
            <method name="get_Quantity" signature="()" line-rate="1" branch-rate="1" complexity="1">
              <lines>
                <line number="25" hits="108" branch="false" />
              </lines>
            </method>
            <method name="get_UnitPrice" signature="()" line-rate="1" branch-rate="1" complexity="1">
              <lines>
                <line number="30" hits="105" branch="false" />
              </lines>
            </method>
            <method name="get_Subtotal" signature="()" line-rate="1" branch-rate="1" complexity="1">
              <lines>
                <line number="35" hits="111" branch="false" />
              </lines>
            </method>
          </methods>
          <lines>
            <line number="9" hits="0" branch="false" />
            <line number="13" hits="69" branch="false" />
            <line number="17" hits="81" branch="false" />
            <line number="20" hits="0" branch="false" />
            <line number="25" hits="108" branch="false" />
            <line number="30" hits="105" branch="false" />
            <line number="35" hits="111" branch="false" />
          </lines>
        </class>
        <class name="MicroServiceSales.Domain.Results.Result" filename="C:\Users\skt1f\Documents\Cato\2026\2026-I\CALIDAD\BookStoreManagement_CALIDAD\MicroServiceSales\MicroServiceSales.Domain\Results\Result.cs" line-rate="0" branch-rate="0" complexity="23">
          <methods>
            <method name="get_IsSuccess" signature="()" line-rate="0" branch-rate="1" complexity="1">
              <lines>
                <line number="10" hits="0" branch="false" />
              </lines>
            </method>
            <method name="get_IsFailure" signature="()" line-rate="0" branch-rate="1" complexity="1">
              <lines>
                <line number="11" hits="0" branch="false" />
              </lines>
            </method>
            <method name="get_Errors" signature="()" line-rate="0" branch-rate="1" complexity="1">
              <lines>
                <line number="12" hits="0" branch="false" />
              </lines>
            </method>
            <method name="Ok" signature="()" line-rate="0" branch-rate="1" complexity="1">
              <lines>
                <line number="20" hits="0" branch="false" />
              </lines>
            </method>
            <method name="Fail" signature="(MicroServiceSales.Domain.Validations.ValidationError[])" line-rate="0" branch-rate="0" complexity="2">
              <lines>
                <line number="23" hits="0" branch="true" condition-coverage="0% (0/2)" />
              </lines>
            </method>
            <method name="FromErrors" signature="(System.Collections.Generic.IEnumerable`1&lt;MicroServiceSales.Domain.Validations.ValidationError&gt;)" line-rate="0" branch-rate="0" complexity="4">
              <lines>
                <line number="26" hits="0" branch="false" />
                <line number="27" hits="0" branch="true" condition-coverage="0% (0/2)" />
                <line number="28" hits="0" branch="true" condition-coverage="0% (0/2)" />
                <line number="29" hits="0" branch="false" />
              </lines>
            </method>
            <method name="FromValidation" signature="(System.Collections.Generic.IEnumerable`1&lt;MicroServiceSales.Domain.Validations.ValidationError&gt;)" line-rate="0" branch-rate="1" complexity="1">
              <lines>
                <line number="32" hits="0" branch="false" />
              </lines>
            </method>
            <method name="Combine" signature="(MicroServiceSales.Domain.Results.Result[])" line-rate="0" branch-rate="0" complexity="6">
              <lines>
                <line number="35" hits="0" branch="false" />
                <line number="36" hits="0" branch="true" condition-coverage="0% (0/4)" />
                <line number="37" hits="0" branch="false" />
                <line number="38" hits="0" branch="true" condition-coverage="0% (0/2)" />
                <line number="39" hits="0" branch="false" />
              </lines>
            </method>
            <method name="ToString" signature="()" line-rate="0" branch-rate="0" complexity="4">
              <lines>
                <line number="42" hits="0" branch="false" />
                <line number="43" hits="0" branch="true" condition-coverage="0% (0/2)" />
                <line number="44" hits="0" branch="true" condition-coverage="0% (0/2)" />
                <line number="45" hits="0" branch="false" />
                <line number="46" hits="0" branch="false" />
              </lines>
            </method>
            <method name=".ctor" signature="(System.Boolean,System.Collections.Generic.IReadOnlyList`1&lt;MicroServiceSales.Domain.Validations.ValidationError&gt;)" line-rate="0" branch-rate="0" complexity="2">
              <lines>
                <line number="15" hits="0" branch="false" />
                <line number="16" hits="0" branch="false" />
                <line number="17" hits="0" branch="true" condition-coverage="0% (0/2)" />
                <line number="18" hits="0" branch="false" />
              </lines>
            </method>
          </methods>
          <lines>
            <line number="10" hits="0" branch="false" />
            <line number="11" hits="0" branch="false" />
            <line number="12" hits="0" branch="false" />
            <line number="15" hits="0" branch="false" />
            <line number="16" hits="0" branch="false" />
            <line number="17" hits="0" branch="true" condition-coverage="0% (0/2)" />
            <line number="18" hits="0" branch="false" />
            <line number="20" hits="0" branch="false" />
            <line number="23" hits="0" branch="true" condition-coverage="0% (0/2)" />
            <line number="26" hits="0" branch="false" />
            <line number="27" hits="0" branch="true" condition-coverage="0% (0/2)" />
            <line number="28" hits="0" branch="true" condition-coverage="0% (0/2)" />
            <line number="29" hits="0" branch="false" />
            <line number="32" hits="0" branch="false" />
            <line number="35" hits="0" branch="false" />
            <line number="36" hits="0" branch="true" condition-coverage="0% (0/4)" />
            <line number="37" hits="0" branch="false" />
            <line number="38" hits="0" branch="true" condition-coverage="0% (0/2)" />
            <line number="39" hits="0" branch="false" />
            <line number="42" hits="0" branch="false" />
            <line number="43" hits="0" branch="true" condition-coverage="0% (0/2)" />
            <line number="44" hits="0" branch="true" condition-coverage="0% (0/2)" />
            <line number="45" hits="0" branch="false" />
            <line number="46" hits="0" branch="false" />
          </lines>
        </class>
        <class name="MicroServiceSales.Domain.Results.Result`1" filename="C:\Users\skt1f\Documents\Cato\2026\2026-I\CALIDAD\BookStoreManagement_CALIDAD\MicroServiceSales\MicroServiceSales.Domain\Results\Result.cs" line-rate="0" branch-rate="0" complexity="26">
          <methods>
            <method name="get_IsSuccess" signature="()" line-rate="0" branch-rate="1" complexity="1">
              <lines>
                <line number="51" hits="0" branch="false" />
              </lines>
            </method>
            <method name="get_IsFailure" signature="()" line-rate="0" branch-rate="1" complexity="1">
              <lines>
                <line number="52" hits="0" branch="false" />
              </lines>
            </method>
            <method name="get_Value" signature="()" line-rate="0" branch-rate="1" complexity="1">
              <lines>
                <line number="53" hits="0" branch="false" />
              </lines>
            </method>
            <method name="get_Errors" signature="()" line-rate="0" branch-rate="1" complexity="1">
              <lines>
                <line number="54" hits="0" branch="false" />
              </lines>
            </method>
            <method name="Ok" signature="(T)" line-rate="0" branch-rate="1" complexity="1">
              <lines>
                <line number="63" hits="0" branch="false" />
              </lines>
            </method>
            <method name="Fail" signature="(MicroServiceSales.Domain.Validations.ValidationError[])" line-rate="0" branch-rate="0" complexity="2">
              <lines>
                <line number="66" hits="0" branch="true" condition-coverage="0% (0/2)" />
              </lines>
            </method>
            <method name="FromErrors" signature="(System.Collections.Generic.IEnumerable`1&lt;MicroServiceSales.Domain.Validations.ValidationError&gt;)" line-rate="0" branch-rate="0" complexity="4">
              <lines>
                <line number="69" hits="0" branch="false" />
                <line number="70" hits="0" branch="true" condition-coverage="0% (0/2)" />
                <line number="71" hits="0" branch="true" condition-coverage="0% (0/2)" />
                <line number="72" hits="0" branch="false" />
                <line number="73" hits="0" branch="false" />
                <line number="74" hits="0" branch="false" />
              </lines>
            </method>
            <method name="FromValidation" signature="(System.Collections.Generic.IEnumerable`1&lt;MicroServiceSales.Domain.Validations.ValidationError&gt;)" line-rate="0" branch-rate="1" complexity="1">
              <lines>
                <line number="77" hits="0" branch="false" />
              </lines>
            </method>
            <method name="WithoutValue" signature="()" line-rate="0" branch-rate="0" complexity="2">
              <lines>
                <line number="79" hits="0" branch="true" condition-coverage="0% (0/2)" />
              </lines>
            </method>
            <method name="ToString" signature="()" line-rate="0" branch-rate="0" complexity="10">
              <lines>
                <line number="82" hits="0" branch="false" />
                <line number="83" hits="0" branch="true" condition-coverage="0% (0/6)" />
                <line number="84" hits="0" branch="true" condition-coverage="0% (0/2)" />
                <line number="85" hits="0" branch="true" condition-coverage="0% (0/2)" />
                <line number="86" hits="0" branch="false" />
              </lines>
            </method>
            <method name=".ctor" signature="(System.Boolean,T,System.Collections.Generic.IReadOnlyList`1&lt;MicroServiceSales.Domain.Validations.ValidationError&gt;)" line-rate="0" branch-rate="0" complexity="2">
              <lines>
                <line number="57" hits="0" branch="false" />
                <line number="58" hits="0" branch="false" />
                <line number="59" hits="0" branch="false" />
                <line number="60" hits="0" branch="true" condition-coverage="0% (0/2)" />
                <line number="61" hits="0" branch="false" />
              </lines>
            </method>
          </methods>
          <lines>
            <line number="51" hits="0" branch="false" />
            <line number="52" hits="0" branch="false" />
            <line number="53" hits="0" branch="false" />
            <line number="54" hits="0" branch="false" />
            <line number="57" hits="0" branch="false" />
            <line number="58" hits="0" branch="false" />
            <line number="59" hits="0" branch="false" />
            <line number="60" hits="0" branch="true" condition-coverage="0% (0/2)" />
            <line number="61" hits="0" branch="false" />
            <line number="63" hits="0" branch="false" />
            <line number="66" hits="0" branch="true" condition-coverage="0% (0/2)" />
            <line number="69" hits="0" branch="false" />
            <line number="70" hits="0" branch="true" condition-coverage="0% (0/2)" />
            <line number="71" hits="0" branch="true" condition-coverage="0% (0/2)" />
            <line number="72" hits="0" branch="false" />
            <line number="73" hits="0" branch="false" />
            <line number="74" hits="0" branch="false" />
            <line number="77" hits="0" branch="false" />
            <line number="79" hits="0" branch="true" condition-coverage="0% (0/2)" />
            <line number="82" hits="0" branch="false" />
            <line number="83" hits="0" branch="true" condition-coverage="0% (0/6)" />
            <line number="84" hits="0" branch="true" condition-coverage="0% (0/2)" />
            <line number="85" hits="0" branch="true" condition-coverage="0% (0/2)" />
            <line number="86" hits="0" branch="false" />
          </lines>
        </class>
        <class name="MicroServiceSales.Domain.Validations.SalesValidation" filename="C:\Users\skt1f\Documents\Cato\2026\2026-I\CALIDAD\BookStoreManagement_CALIDAD\MicroServiceSales\MicroServiceSales.Domain\Validations\SalesValidation.cs" line-rate="0.9857142857142858" branch-rate="0.9821428571428571" complexity="57">
          <methods>
            <method name="Normalize" signature="(MicroServiceSales.Domain.Models.Sale)" line-rate="1" branch-rate="1" complexity="1">
              <lines>
                <line number="13" hits="3" branch="false" />
                <line number="15" hits="3" branch="false" />
                <line number="17" hits="3" branch="false" />
                <line number="18" hits="3" branch="false" />
                <line number="19" hits="3" branch="false" />
              </lines>
            </method>
            <method name="IsValidStatus" signature="(System.String)" line-rate="1" branch-rate="1" complexity="8">
              <lines>
                <line number="96" hits="45" branch="true" condition-coverage="100% (8/8)" />
              </lines>
            </method>
            <method name="Validate" signature="()" line-rate="1" branch-rate="1" complexity="28">
              <lines>
                <line number="22" hits="51" branch="false" />
                <line number="23" hits="51" branch="true" condition-coverage="100% (2/2)" />
                <line number="24" hits="6" branch="false" />
                <line number="26" hits="51" branch="true" condition-coverage="100% (2/2)" />
                <line number="27" hits="3" branch="false" />
                <line number="30" hits="51" branch="true" condition-coverage="100% (2/2)" />
                <line number="31" hits="3" branch="false" />
                <line number="34" hits="51" branch="true" condition-coverage="100% (2/2)" />
                <line number="35" hits="3" branch="false" />
                <line number="38" hits="51" branch="true" condition-coverage="100% (2/2)" />
                <line number="39" hits="6" branch="false" />
                <line number="42" hits="51" branch="false" />
                <line number="43" hits="51" branch="true" condition-coverage="100% (2/2)" />
                <line number="44" hits="3" branch="false" />
                <line number="45" hits="3" branch="false" />
                <line number="46" hits="3" branch="false" />
                <line number="47" hits="48" branch="true" condition-coverage="100% (2/2)" />
                <line number="48" hits="3" branch="false" />
                <line number="49" hits="3" branch="false" />
                <line number="50" hits="3" branch="false" />
                <line number="51" hits="45" branch="true" condition-coverage="100% (2/2)" />
                <line number="52" hits="3" branch="false" />
                <line number="53" hits="3" branch="false" />
                <line number="54" hits="3" branch="false" />
                <line number="57" hits="51" branch="true" condition-coverage="100% (4/4)" />
                <line number="58" hits="3" branch="false" />
                <line number="60" hits="51" branch="true" condition-coverage="100% (4/4)" />
                <line number="61" hits="3" branch="false" />
                <line number="64" hits="51" branch="true" condition-coverage="100% (2/2)" />
                <line number="65" hits="6" branch="false" />
                <line number="68" hits="51" branch="true" condition-coverage="100% (2/2)" />
                <line number="69" hits="3" branch="false" />
                <line number="70" hits="51" branch="false" />
              </lines>
            </method>
            <method name="ValidateAll" signature="()" line-rate="0.9375" branch-rate="0.875" complexity="8">
              <lines>
                <line number="99" hits="12" branch="false" />
                <line number="100" hits="42" branch="true" condition-coverage="100% (2/2)" />
                <line number="101" hits="3" branch="false" />
                <line number="103" hits="12" branch="true" condition-coverage="100% (2/2)" />
                <line number="104" hits="9" branch="false" />
                <line number="105" hits="27" branch="true" condition-coverage="50% (1/2)" />
                <line number="106" hits="0" branch="false" />
                <line number="109" hits="9" branch="false" />
                <line number="110" hits="12" branch="false" />
                <line number="111" hits="9" branch="false" />
                <line number="112" hits="3" branch="false" />
                <line number="113" hits="9" branch="false" />
                <line number="114" hits="9" branch="true" condition-coverage="100% (2/2)" />
                <line number="115" hits="3" branch="false" />
                <line number="116" hits="9" branch="false" />
                <line number="117" hits="12" branch="false" />
              </lines>
            </method>
            <method name="ValidateDetail" signature="()" line-rate="1" branch-rate="1" complexity="12">
              <lines>
                <line number="73" hits="33" branch="false" />
                <line number="74" hits="33" branch="true" condition-coverage="100% (2/2)" />
                <line number="75" hits="3" branch="false" />
                <line number="77" hits="33" branch="true" condition-coverage="100% (2/2)" />
                <line number="78" hits="3" branch="false" />
                <line number="80" hits="33" branch="true" condition-coverage="100% (2/2)" />
                <line number="81" hits="3" branch="false" />
                <line number="83" hits="33" branch="true" condition-coverage="100% (2/2)" />
                <line number="84" hits="3" branch="false" />
                <line number="86" hits="33" branch="true" condition-coverage="100% (2/2)" />
                <line number="87" hits="6" branch="false" />
                <line number="90" hits="33" branch="false" />
                <line number="91" hits="33" branch="true" condition-coverage="100% (2/2)" />
                <line number="92" hits="6" branch="false" />
                <line number="93" hits="33" branch="false" />
              </lines>
            </method>
          </methods>
          <lines>
            <line number="13" hits="3" branch="false" />
            <line number="15" hits="3" branch="false" />
            <line number="17" hits="3" branch="false" />
            <line number="18" hits="3" branch="false" />
            <line number="19" hits="3" branch="false" />
            <line number="22" hits="51" branch="false" />
            <line number="23" hits="51" branch="true" condition-coverage="100% (2/2)" />
            <line number="24" hits="6" branch="false" />
            <line number="26" hits="51" branch="true" condition-coverage="100% (2/2)" />
            <line number="27" hits="3" branch="false" />
            <line number="30" hits="51" branch="true" condition-coverage="100% (2/2)" />
            <line number="31" hits="3" branch="false" />
            <line number="34" hits="51" branch="true" condition-coverage="100% (2/2)" />
            <line number="35" hits="3" branch="false" />
            <line number="38" hits="51" branch="true" condition-coverage="100% (2/2)" />
            <line number="39" hits="6" branch="false" />
            <line number="42" hits="51" branch="false" />
            <line number="43" hits="51" branch="true" condition-coverage="100% (2/2)" />
            <line number="44" hits="3" branch="false" />
            <line number="45" hits="3" branch="false" />
            <line number="46" hits="3" branch="false" />
            <line number="47" hits="48" branch="true" condition-coverage="100% (2/2)" />
            <line number="48" hits="3" branch="false" />
            <line number="49" hits="3" branch="false" />
            <line number="50" hits="3" branch="false" />
            <line number="51" hits="45" branch="true" condition-coverage="100% (2/2)" />
            <line number="52" hits="3" branch="false" />
            <line number="53" hits="3" branch="false" />
            <line number="54" hits="3" branch="false" />
            <line number="57" hits="51" branch="true" condition-coverage="100% (4/4)" />
            <line number="58" hits="3" branch="false" />
            <line number="60" hits="51" branch="true" condition-coverage="100% (4/4)" />
            <line number="61" hits="3" branch="false" />
            <line number="64" hits="51" branch="true" condition-coverage="100% (2/2)" />
            <line number="65" hits="6" branch="false" />
            <line number="68" hits="51" branch="true" condition-coverage="100% (2/2)" />
            <line number="69" hits="3" branch="false" />
            <line number="70" hits="51" branch="false" />
            <line number="73" hits="33" branch="false" />
            <line number="74" hits="33" branch="true" condition-coverage="100% (2/2)" />
            <line number="75" hits="3" branch="false" />
            <line number="77" hits="33" branch="true" condition-coverage="100% (2/2)" />
            <line number="78" hits="3" branch="false" />
            <line number="80" hits="33" branch="true" condition-coverage="100% (2/2)" />
            <line number="81" hits="3" branch="false" />
            <line number="83" hits="33" branch="true" condition-coverage="100% (2/2)" />
            <line number="84" hits="3" branch="false" />
            <line number="86" hits="33" branch="true" condition-coverage="100% (2/2)" />
            <line number="87" hits="6" branch="false" />
            <line number="90" hits="33" branch="false" />
            <line number="91" hits="33" branch="true" condition-coverage="100% (2/2)" />
            <line number="92" hits="6" branch="false" />
            <line number="93" hits="33" branch="false" />
            <line number="96" hits="45" branch="true" condition-coverage="100% (8/8)" />
            <line number="99" hits="12" branch="false" />
            <line number="100" hits="42" branch="true" condition-coverage="100% (2/2)" />
            <line number="101" hits="3" branch="false" />
            <line number="103" hits="12" branch="true" condition-coverage="100% (2/2)" />
            <line number="104" hits="9" branch="false" />
            <line number="105" hits="27" branch="true" condition-coverage="50% (1/2)" />
            <line number="106" hits="0" branch="false" />
            <line number="109" hits="9" branch="false" />
            <line number="110" hits="12" branch="false" />
            <line number="111" hits="9" branch="false" />
            <line number="112" hits="3" branch="false" />
            <line number="113" hits="9" branch="false" />
            <line number="114" hits="9" branch="true" condition-coverage="100% (2/2)" />
            <line number="115" hits="3" branch="false" />
            <line number="116" hits="9" branch="false" />
            <line number="117" hits="12" branch="false" />
          </lines>
        </class>
        <class name="MicroServiceSales.Domain.Validations.TextRules" filename="C:\Users\skt1f\Documents\Cato\2026\2026-I\CALIDAD\BookStoreManagement_CALIDAD\MicroServiceSales\MicroServiceSales.Domain\Validations\TextRules.cs" line-rate="0.32" branch-rate="0.2" complexity="11">
          <methods>
            <method name="NormalizeSpaces" signature="(System.String)" line-rate="1" branch-rate="1" complexity="2">
              <lines>
                <line number="15" hits="54" branch="false" />
                <line number="16" hits="57" branch="true" condition-coverage="100% (2/2)" />
                <line number="17" hits="51" branch="false" />
                <line number="18" hits="54" branch="false" />
              </lines>
            </method>
            <method name="CanonicalSentence" signature="(System.String)" line-rate="0" branch-rate="0" complexity="2">
              <lines>
                <line number="21" hits="0" branch="false" />
                <line number="22" hits="0" branch="false" />
                <line number="23" hits="0" branch="true" condition-coverage="0% (0/2)" />
                <line number="24" hits="0" branch="false" />
                <line number="25" hits="0" branch="false" />
              </lines>
            </method>
            <method name="IsValidLettersOnly" signature="(System.String)" line-rate="0" branch-rate="0" complexity="2">
              <lines>
                <line number="28" hits="0" branch="false" />
                <line number="29" hits="0" branch="true" condition-coverage="0% (0/2)" />
                <line number="30" hits="0" branch="false" />
                <line number="31" hits="0" branch="false" />
              </lines>
            </method>
            <method name="IsValidLettersAndSpaces" signature="(System.String)" line-rate="0" branch-rate="0" complexity="2">
              <lines>
                <line number="34" hits="0" branch="false" />
                <line number="35" hits="0" branch="true" condition-coverage="0% (0/2)" />
                <line number="36" hits="0" branch="false" />
                <line number="37" hits="0" branch="false" />
              </lines>
            </method>
            <method name="IsValidEmail" signature="(System.String)" line-rate="0" branch-rate="0" complexity="2">
              <lines>
                <line number="40" hits="0" branch="false" />
                <line number="41" hits="0" branch="true" condition-coverage="0% (0/2)" />
                <line number="42" hits="0" branch="false" />
                <line number="43" hits="0" branch="false" />
              </lines>
            </method>
            <method name=".cctor" signature="()" line-rate="1" branch-rate="1" complexity="1">
              <lines>
                <line number="9" hits="3" branch="false" />
                <line number="10" hits="3" branch="false" />
                <line number="11" hits="3" branch="false" />
                <line number="12" hits="3" branch="false" />
              </lines>
            </method>
          </methods>
          <lines>
            <line number="9" hits="3" branch="false" />
            <line number="10" hits="3" branch="false" />
            <line number="11" hits="3" branch="false" />
            <line number="12" hits="3" branch="false" />
            <line number="15" hits="54" branch="false" />
            <line number="16" hits="57" branch="true" condition-coverage="100% (2/2)" />
            <line number="17" hits="51" branch="false" />
            <line number="18" hits="54" branch="false" />
            <line number="21" hits="0" branch="false" />
            <line number="22" hits="0" branch="false" />
            <line number="23" hits="0" branch="true" condition-coverage="0% (0/2)" />
            <line number="24" hits="0" branch="false" />
            <line number="25" hits="0" branch="false" />
            <line number="28" hits="0" branch="false" />
            <line number="29" hits="0" branch="true" condition-coverage="0% (0/2)" />
            <line number="30" hits="0" branch="false" />
            <line number="31" hits="0" branch="false" />
            <line number="34" hits="0" branch="false" />
            <line number="35" hits="0" branch="true" condition-coverage="0% (0/2)" />
            <line number="36" hits="0" branch="false" />
            <line number="37" hits="0" branch="false" />
            <line number="40" hits="0" branch="false" />
            <line number="41" hits="0" branch="true" condition-coverage="0% (0/2)" />
            <line number="42" hits="0" branch="false" />
            <line number="43" hits="0" branch="false" />
          </lines>
        </class>
        <class name="MicroServiceSales.Domain.Validations.ValidationError" filename="C:\Users\skt1f\Documents\Cato\2026\2026-I\CALIDAD\BookStoreManagement_CALIDAD\MicroServiceSales\MicroServiceSales.Domain\Validations\ValidationError.cs" line-rate="0.7142857142857143" branch-rate="1" complexity="4">
          <methods>
            <method name="get_Field" signature="()" line-rate="1" branch-rate="1" complexity="1">
              <lines>
                <line number="5" hits="72" branch="false" />
              </lines>
            </method>
            <method name="get_Message" signature="()" line-rate="0" branch-rate="1" complexity="1">
              <lines>
                <line number="6" hits="0" branch="false" />
              </lines>
            </method>
            <method name="ToString" signature="()" line-rate="0" branch-rate="1" complexity="1">
              <lines>
                <line number="14" hits="0" branch="false" />
              </lines>
            </method>
            <method name=".ctor" signature="(System.String,System.String)" line-rate="1" branch-rate="1" complexity="1">
              <lines>
                <line number="9" hits="72" branch="false" />
                <line number="10" hits="72" branch="false" />
                <line number="11" hits="72" branch="false" />
                <line number="12" hits="72" branch="false" />
              </lines>
            </method>
          </methods>
          <lines>
            <line number="5" hits="72" branch="false" />
            <line number="6" hits="0" branch="false" />
            <line number="9" hits="72" branch="false" />
            <line number="10" hits="72" branch="false" />
            <line number="11" hits="72" branch="false" />
            <line number="12" hits="72" branch="false" />
            <line number="14" hits="0" branch="false" />
          </lines>
        </class>
        <class name="MicroServiceSales.Domain.Validations.ValidationException" filename="C:\Users\skt1f\Documents\Cato\2026\2026-I\CALIDAD\BookStoreManagement_CALIDAD\MicroServiceSales\MicroServiceSales.Domain\Validations\ValidationException.cs" line-rate="0" branch-rate="1" complexity="3">
          <methods>
            <method name="get_Errors" signature="()" line-rate="0" branch-rate="1" complexity="1">
              <lines>
                <line number="9" hits="0" branch="false" />
              </lines>
            </method>
            <method name=".ctor" signature="(System.Collections.Generic.IEnumerable`1&lt;MicroServiceSales.Domain.Validations.ValidationError&gt;)" line-rate="0" branch-rate="1" complexity="1">
              <lines>
                <line number="12" hits="0" branch="false" />
                <line number="13" hits="0" branch="false" />
                <line number="14" hits="0" branch="false" />
                <line number="15" hits="0" branch="false" />
              </lines>
            </method>
            <method name=".ctor" signature="(MicroServiceSales.Domain.Validations.ValidationError[])" line-rate="0" branch-rate="1" complexity="1">
              <lines>
                <line number="18" hits="0" branch="false" />
                <line number="19" hits="0" branch="false" />
                <line number="20" hits="0" branch="false" />
                <line number="21" hits="0" branch="false" />
              </lines>
            </method>
          </methods>
          <lines>
            <line number="9" hits="0" branch="false" />
            <line number="12" hits="0" branch="false" />
            <line number="13" hits="0" branch="false" />
            <line number="14" hits="0" branch="false" />
            <line number="15" hits="0" branch="false" />
            <line number="18" hits="0" branch="false" />
            <line number="19" hits="0" branch="false" />
            <line number="20" hits="0" branch="false" />
            <line number="21" hits="0" branch="false" />
          </lines>
        </class>
      </classes>
    </package>
  </packages>
</coverage>